<?xml version="1.0" encoding="UTF-8"?>
<!-- Generated by org.testng.reporters.JUnitReportReporter -->
<testsuite skipped="0" hostname="Emin-MacBook-Air.local" name="com.syntax.TestCases.ExcelDemo" tests="1" failures="0" timestamp="17 Jun 2019 03:37:56 GMT" time="0.786" errors="0">
  <testcase name="readExcel" time="0.786" classname="com.syntax.TestCases.ExcelDemo"/>
</testsuite> <!-- com.syntax.TestCases.ExcelDemo -->
