<?xml version="1.0" encoding="UTF-8"?>
<!-- Generated by org.testng.reporters.JUnitReportReporter -->
<testsuite skipped="0" hostname="Emin-MacBook-Air.local" name="class3.DependsOnGroups" tests="3" failures="0" timestamp="06 Jun 2019 22:19:30 GMT" time="0.024" errors="0">
  <testcase name="one" time="0.019" classname="class3.DependsOnGroups"/>
  <testcase name="two" time="0.003" classname="class3.DependsOnGroups"/>
  <testcase name="three" time="0.002" classname="class3.DependsOnGroups"/>
</testsuite> <!-- class3.DependsOnGroups -->
