<?xml version="1.0" encoding="UTF-8"?>
<!-- Generated by org.testng.reporters.JUnitReportReporter -->
<testsuite skipped="0" hostname="Emin-MacBook-Air.local" name="class2.task" tests="3" failures="0" timestamp="31 May 2019 00:44:52 GMT" time="0.854" errors="0">
  <testcase name="loginScreenTitle" time="0.020" classname="class2.task"/>
  <testcase name="login" time="0.764" classname="class2.task"/>
  <testcase name="webOrders" time="0.070" classname="class2.task"/>
</testsuite> <!-- class2.task -->
