<?xml version="1.0" encoding="UTF-8"?>
<!-- Generated by org.testng.reporters.JUnitReportReporter -->
<testsuite skipped="0" hostname="Emin-MacBook-Air.local" name="class3.GroupsExample" tests="4" failures="0" timestamp="06 Jun 2019 22:07:25 GMT" time="0.026" errors="0">
  <testcase name="Four" time="0.016" classname="class3.GroupsExample"/>
  <testcase name="one" time="0.002" classname="class3.GroupsExample"/>
  <testcase name="Three" time="0.004" classname="class3.GroupsExample"/>
  <testcase name="Two" time="0.004" classname="class3.GroupsExample"/>
</testsuite> <!-- class3.GroupsExample -->
