<?xml version="1.0" encoding="UTF-8"?>
<!-- Generated by org.testng.reporters.JUnitReportReporter -->
<testsuite skipped="0" hostname="Emin-MacBook-Air.local" name="class01.test" tests="3" failures="0" timestamp="29 May 2019 05:24:27 GMT" time="0.026" errors="0">
  <testcase name="b" time="0.005" classname="class01.test"/>
  <testcase name="test" time="0.002" classname="class01.test"/>
  <testcase name="a" time="0.019" classname="class01.test"/>
</testsuite> <!-- class01.test -->
