<?xml version="1.0" encoding="UTF-8"?>
<!-- Generated by org.testng.reporters.JUnitReportReporter -->
<testsuite skipped="0" hostname="Emin-MacBook-Air.local" name="class2.HomeWorkClassTwo" tests="1" failures="0" timestamp="31 May 2019 06:55:13 GMT" time="0.009" errors="0">
  <testcase name="methodTest" time="0.009" classname="class2.HomeWorkClassTwo"/>
</testsuite> <!-- class2.HomeWorkClassTwo -->
