<?xml version="1.0" encoding="UTF-8"?>
<!-- Generated by org.testng.reporters.JUnitReportReporter -->
<testsuite skipped="0" hostname="Emin-MacBook-Air.local" name="class4.newTourExample" tests="1" failures="0" timestamp="07 Jun 2019 23:08:56 GMT" time="5.799" errors="0">
  <testcase name="userInformation" time="5.799" classname="class4.newTourExample"/>
</testsuite> <!-- class4.newTourExample -->
