<?xml version="1.0" encoding="UTF-8"?>
<!-- Generated by org.testng.reporters.JUnitReportReporter -->
<testsuite skipped="0" hostname="Emin-MacBook-Air.local" name="class4.ParameterExampleTwo" tests="1" failures="0" timestamp="07 Jun 2019 23:11:46 GMT" time="7.550" errors="0">
  <testcase name="testGoogle" time="7.550" classname="class4.ParameterExampleTwo"/>
</testsuite> <!-- class4.ParameterExampleTwo -->
