<?xml version="1.0" encoding="UTF-8"?>
<!-- Generated by org.testng.reporters.JUnitReportReporter -->
<testsuite skipped="0" hostname="Emin-MacBook-Air.local" name="class01.beforeAndAfterMethod" tests="2" failures="0" timestamp="29 May 2019 05:41:37 GMT" time="0.035" errors="0">
  <testcase name="melek1" time="0.025" classname="class01.beforeAndAfterMethod"/>
  <testcase name="melek2" time="0.010" classname="class01.beforeAndAfterMethod"/>
</testsuite> <!-- class01.beforeAndAfterMethod -->
