<?xml version="1.0" encoding="UTF-8"?>
<!-- Generated by org.testng.reporters.JUnitReportReporter -->
<testsuite skipped="2" hostname="Emin-MacBook-Air.local" name="class2.EnableAndDisable" tests="4" failures="0" timestamp="31 May 2019 00:37:59 GMT" time="0.031" errors="0">
  <testcase name="second" time="0.026" classname="class2.EnableAndDisable"/>
  <testcase name="forth" time="0.005" classname="class2.EnableAndDisable"/>
  <testcase name="first" classname="class2.EnableAndDisable">
    <skipped/>
  </testcase> <!-- first -->
  <testcase name="third" classname="class2.EnableAndDisable">
    <skipped/>
  </testcase> <!-- third -->
</testsuite> <!-- class2.EnableAndDisable -->
