<?xml version="1.0" encoding="UTF-8"?>
<!-- Generated by org.testng.reporters.JUnitReportReporter -->
<testsuite skipped="0" hostname="Emin-MacBook-Air.local" name="class4.parameterExampleOne" tests="1" failures="0" timestamp="07 Jun 2019 23:10:29 GMT" time="0.015" errors="0">
  <testcase name="userNames" time="0.015" classname="class4.parameterExampleOne"/>
</testsuite> <!-- class4.parameterExampleOne -->
