<?xml version="1.0" encoding="UTF-8"?>
<!-- Generated by org.testng.reporters.JUnitReportReporter -->
<testsuite skipped="0" hostname="Emin-MacBook-Air.local" name="class2.Priorty" tests="4" failures="0" timestamp="31 May 2019 00:39:55 GMT" time="0.033" errors="0">
  <testcase name="first" time="0.017" classname="class2.Priorty"/>
  <testcase name="second" time="0.006" classname="class2.Priorty"/>
  <testcase name="third" time="0.007" classname="class2.Priorty"/>
  <testcase name="forth" time="0.003" classname="class2.Priorty"/>
</testsuite> <!-- class2.Priorty -->
