<?xml version="1.0" encoding="UTF-8"?>
<!-- Generated by org.testng.reporters.JUnitReportReporter -->
<testsuite skipped="0" hostname="Emin-MacBook-Air.local" name="class4.taskOne" tests="1" failures="0" timestamp="07 Jun 2019 23:07:12 GMT" time="21.389" errors="0">
  <testcase name="UserName1" time="21.389" classname="class4.taskOne"/>
</testsuite> <!-- class4.taskOne -->
