<?xml version="1.0" encoding="UTF-8"?>
<!-- Generated by org.testng.reporters.JUnitReportReporter -->
<testsuite skipped="0" hostname="Emin-MacBook-Air.local" name="class3.MethodsExample" tests="4" failures="0" timestamp="13 Jun 2019 00:27:35 GMT" time="0.022" errors="0">
  <testcase name="Two" time="0.002" classname="class3.MethodsExample"/>
  <testcase name="One" time="0.002" classname="class3.MethodsExample"/>
  <testcase name="Three" time="0.002" classname="class3.MethodsExample"/>
  <testcase name="Four" time="0.016" classname="class3.MethodsExample"/>
</testsuite> <!-- class3.MethodsExample -->
