<?xml version="1.0" encoding="UTF-8"?>
<!-- Generated by org.testng.reporters.JUnitReportReporter -->
<testsuite skipped="0" hostname="Emin-MacBook-Air.local" name="class4.ToolsQaExample" tests="4" failures="0" timestamp="07 Jun 2019 23:14:35 GMT" time="29.845" errors="0">
  <testcase name="getData" time="7.079" classname="class4.ToolsQaExample"/>
  <testcase name="getData" time="9.368" classname="class4.ToolsQaExample"/>
  <testcase name="getData" time="4.984" classname="class4.ToolsQaExample"/>
  <testcase name="getData" time="8.414" classname="class4.ToolsQaExample"/>
</testsuite> <!-- class4.ToolsQaExample -->
