<?xml version="1.0" encoding="UTF-8"?>
<!-- Generated by org.testng.reporters.JUnitReportReporter -->
<testsuite skipped="0" hostname="Emin-MacBook-Air.local" name="class2.Task1" tests="2" failures="0" timestamp="31 May 2019 06:32:17 GMT" time="7.823" errors="0">
  <testcase name="Title" time="3.726" classname="class2.Task1"/>
  <testcase name="Login" time="4.097" classname="class2.Task1"/>
</testsuite> <!-- class2.Task1 -->
