<?xml version="1.0" encoding="UTF-8"?>
<!-- Generated by org.testng.reporters.JUnitReportReporter -->
<testsuite skipped="0" hostname="Emin-MacBook-Air.local" name="class3.DependsOnMethods" tests="3" failures="0" timestamp="13 Jun 2019 01:23:07 GMT" time="0.027" errors="0">
  <testcase name="three" time="0.002" classname="class3.DependsOnMethods"/>
  <testcase name="one" time="0.021" classname="class3.DependsOnMethods"/>
  <testcase name="two" time="0.004" classname="class3.DependsOnMethods"/>
</testsuite> <!-- class3.DependsOnMethods -->
