<?xml version="1.0" encoding="UTF-8"?>
<!-- Generated by org.testng.reporters.JUnitReportReporter -->
<testsuite skipped="0" hostname="Emin-MacBook-Air.local" name="class01.orangehrmExample" tests="1" failures="0" timestamp="01 Jun 2019 14:39:22 GMT" time="9.211" errors="0">
  <testcase name="login" time="9.211" classname="class01.orangehrmExample"/>
</testsuite> <!-- class01.orangehrmExample -->
