<?xml version="1.0" encoding="UTF-8"?>
<!-- Generated by org.testng.reporters.JUnitReportReporter -->
<testsuite skipped="0" hostname="Emin-MacBook-Air.local" name="class4.Task" tests="2" failures="0" timestamp="07 Jun 2019 00:28:51 GMT" time="12.143" errors="0">
  <testcase name="userInformation" time="8.053" classname="class4.Task"/>
  <testcase name="userInformation1" time="4.090" classname="class4.Task"/>
</testsuite> <!-- class4.Task -->
