<?xml version="1.0" encoding="UTF-8"?>
<!-- Generated by org.testng.reporters.JUnitReportReporter -->
<testsuite skipped="0" hostname="Emin-MacBook-Air.local" name="class4.taskTwo" tests="2" failures="0" timestamp="07 Jun 2019 23:13:05 GMT" time="12.118" errors="0">
  <testcase name="UsernameTwo" time="6.161" classname="class4.taskTwo"/>
  <testcase name="UsernameOne" time="5.957" classname="class4.taskTwo"/>
</testsuite> <!-- class4.taskTwo -->
