<?xml version="1.0" encoding="UTF-8"?>
<!-- Generated by org.testng.reporters.JUnitReportReporter -->
<testsuite skipped="0" hostname="Emin-MacBook-Air.local" name="class2.SoftAndHardAssertExample" tests="2" failures="0" timestamp="31 May 2019 06:51:41 GMT" time="20.133" errors="0">
  <testcase name="orangehrmLoginScreen" time="0.020" classname="class2.SoftAndHardAssertExample"/>
  <testcase name="logo" time="20.113" classname="class2.SoftAndHardAssertExample"/>
</testsuite> <!-- class2.SoftAndHardAssertExample -->
