<?xml version="1.0" encoding="UTF-8"?>
<!-- Generated by org.testng.reporters.JUnitReportReporter -->
<testsuite skipped="0" hostname="Emin-MacBook-Air.local" name="com.class12.Task1" tests="1" failures="0" timestamp="05 Jun 2019 20:39:42 GMT" time="5.055" errors="0">
  <testcase name="readFile" time="5.055" classname="com.class12.Task1"/>
</testsuite> <!-- com.class12.Task1 -->
