<?xml version="1.0" encoding="UTF-8"?>
<!-- Generated by org.testng.reporters.JUnitReportReporter -->
<testsuite skipped="0" hostname="Emin-MacBook-Air.local" name="com.class12.ReadingPropertyFile" tests="1" failures="0" timestamp="02 Jun 2019 18:20:53 GMT" time="4.513" errors="0">
  <testcase name="readFile" time="4.513" classname="com.class12.ReadingPropertyFile"/>
</testsuite> <!-- com.class12.ReadingPropertyFile -->
